<?xml version="1.0" encoding="UTF-8"?>
<!-- Generated by org.testng.reporters.JUnitXMLReporter -->
<testsuite hostname="DESKTOP-U8GE9MR" ignored="4" name="Test" tests="9" failures="1" timestamp="2023-03-29T10:26:40 IST" time="26.332" errors="0">
  <testcase name="method1" time="0.058" classname="Practise_pck.TS_01">
    <skipped/>
  </testcase> <!-- method1 -->
  <testcase name="method1" time="0.0" classname="Practise_pck.TS_01">
    <skipped/>
  </testcase> <!-- method1 -->
  <testcase name="method1" time="0.0" classname="Practise_pck.TS_01">
    <skipped/>
  </testcase> <!-- method1 -->
  <testcase name="method1" time="0.0" classname="Practise_pck.TS_01">
    <failure type="java.lang.AssertionError" message="null">
      <![CDATA[java.lang.AssertionError: null
at Practise_pck.TS_01.method1(TS_01.java:14)
at java.util.ArrayList.forEach(Unknown Source)
at java.util.concurrent.FutureTask.run(Unknown Source)
at java.util.concurrent.ThreadPoolExecutor.runWorker(Unknown Source)
at java.util.concurrent.ThreadPoolExecutor$Worker.run(Unknown Source)
at java.lang.Thread.run(Unknown Source)
... Removed 20 stack frames]]>
    </failure>
  </testcase> <!-- method1 -->
  <testcase name="method2" time="0.0" classname="Practise_pck.TS_01"/>
  <testcase name="method3" time="0.0" classname="Practise_pck.TS_02"/>
  <testcase name="method4" time="0.001" classname="Practise_pck.TS_02"/>
  <testcase name="method5" time="0.001" classname="Practise_pck.TS_03"/>
  <testcase name="method6" time="0.001" classname="Practise_pck.TS_03"/>
  <testcase name="@AfterSuite configAS" time="0.0" classname="com.GenericUtilities.BaseClass">
    <ignored/>
  </testcase> <!-- @AfterSuite configAS -->
  <testcase name="@AfterSuite configAS" time="0.0" classname="com.GenericUtilities.BaseClass">
    <ignored/>
  </testcase> <!-- @AfterSuite configAS -->
  <testcase name="@BeforeSuite configBS" time="0.0" classname="com.GenericUtilities.BaseClass">
    <ignored/>
  </testcase> <!-- @BeforeSuite configBS -->
  <testcase name="@BeforeSuite configBS" time="0.0" classname="com.GenericUtilities.BaseClass">
    <ignored/>
  </testcase> <!-- @BeforeSuite configBS -->
</testsuite> <!-- Test -->
