<?xml version="1.0" encoding="UTF-8"?>
<testng-results ignored="0" total="1" passed="1" failed="0" skipped="0">
  <reporter-output>
    <line>
      <![CDATA[connect to database]]>
    </line>
    <line>
      <![CDATA[bookAppointmenr----->Testscript execution started]]>
    </line>
    <line>
      <![CDATA[Appointment Done]]>
    </line>
    <line>
      <![CDATA[bookAppointmenr-----> Testscript execution successfull]]>
    </line>
  </reporter-output>
  <suite started-at="2023-03-31T15:11:11 IST" name="Default suite" finished-at="2023-03-31T15:11:48 IST" duration-ms="36475">
    <groups>
    </groups>
    <test started-at="2023-03-31T15:11:11 IST" name="Default test" finished-at="2023-03-31T15:11:48 IST" duration-ms="36475">
      <class name="PomExecution.BookAppointmentPatient">
        <test-method is-config="true" signature="configBS()[pri:0, instance:PomExecution.BookAppointmentPatient@fa49800]" started-at="2023-03-31T15:11:11 IST" name="configBS" finished-at="2023-03-31T15:11:11 IST" duration-ms="476" status="PASS">
          <reporter-output>
            <line>
              <![CDATA[connect to database]]>
            </line>
          </reporter-output>
        </test-method> <!-- configBS -->
        <test-method is-config="true" signature="configBC()[pri:0, instance:PomExecution.BookAppointmentPatient@fa49800]" started-at="2023-03-31T15:11:12 IST" name="configBC" finished-at="2023-03-31T15:11:37 IST" duration-ms="24720" status="PASS">
          <reporter-output>
          </reporter-output>
        </test-method> <!-- configBC -->
        <test-method is-config="true" signature="configBM()[pri:0, instance:PomExecution.BookAppointmentPatient@fa49800]" started-at="2023-03-31T15:11:37 IST" name="configBM" finished-at="2023-03-31T15:11:37 IST" duration-ms="1" status="PASS">
          <reporter-output>
          </reporter-output>
        </test-method> <!-- configBM -->
        <test-method signature="bookAppointmenr()[pri:0, instance:PomExecution.BookAppointmentPatient@fa49800]" started-at="2023-03-31T15:11:37 IST" name="bookAppointmenr" finished-at="2023-03-31T15:11:47 IST" duration-ms="10308" status="PASS">
          <reporter-output>
            <line>
              <![CDATA[bookAppointmenr----->Testscript execution started]]>
            </line>
            <line>
              <![CDATA[Appointment Done]]>
            </line>
            <line>
              <![CDATA[bookAppointmenr-----> Testscript execution successfull]]>
            </line>
          </reporter-output>
        </test-method> <!-- bookAppointmenr -->
        <test-method is-config="true" signature="configAM()[pri:0, instance:PomExecution.BookAppointmentPatient@fa49800]" started-at="2023-03-31T15:11:47 IST" name="configAM" finished-at="2023-03-31T15:11:47 IST" duration-ms="1" status="PASS">
          <reporter-output>
          </reporter-output>
        </test-method> <!-- configAM -->
        <test-method is-config="true" signature="configAC()[pri:0, instance:PomExecution.BookAppointmentPatient@fa49800]" started-at="2023-03-31T15:11:47 IST" name="configAC" finished-at="2023-03-31T15:11:48 IST" duration-ms="531" status="PASS">
          <reporter-output>
          </reporter-output>
        </test-method> <!-- configAC -->
        <test-method is-config="true" signature="configAS()[pri:0, instance:PomExecution.BookAppointmentPatient@fa49800]" started-at="2023-03-31T15:11:49 IST" name="configAS" finished-at="2023-03-31T15:11:49 IST" duration-ms="9" status="PASS">
          <reporter-output>
          </reporter-output>
        </test-method> <!-- configAS -->
      </class> <!-- PomExecution.BookAppointmentPatient -->
    </test> <!-- Default test -->
  </suite> <!-- Default suite -->
</testng-results>
